<?xml version="1.0" encoding="UTF-8"?>
<!-- Generated by org.testng.reporters.JUnitReportReporter -->
<testsuite hostname="YASH" failures="0" tests="1" name="maven.extent" time="14.478" errors="0" timestamp="2021-12-07T13:04:53 IST" skipped="0">
  <testcase classname="maven.extent" name="f" time="14.478"/>
  <system-out/>
</testsuite> <!-- maven.extent -->
