<?xml version="1.0" encoding="UTF-8"?>
<!-- Generated by org.testng.reporters.JUnitReportReporter -->
<testsuite hostname="YASH" failures="0" tests="1" name="maven.Extent_class" time="12.664" errors="0" timestamp="2021-12-10T11:20:23 IST" skipped="0">
  <testcase classname="maven.Extent_class" name="f" time="12.664"/>
  <system-out/>
</testsuite> <!-- maven.Extent_class -->
