<?xml version="1.0" encoding="UTF-8"?>
<!-- Generated by org.testng.reporters.JUnitReportReporter -->
<testsuite hostname="YASH" failures="0" tests="1" name="maven.pin_code" time="8.846" errors="0" timestamp="2021-12-10T12:59:01 IST" skipped="0">
  <testcase classname="maven.pin_code" name="search" time="8.846"/>
  <system-out/>
</testsuite> <!-- maven.pin_code -->
